mode: set
github.com/RakibSiddiquee/bookings/internal/handlers/handlers.go:30.62,35.2 1 0
github.com/RakibSiddiquee/bookings/internal/handlers/handlers.go:38.51,43.2 1 1
github.com/RakibSiddiquee/bookings/internal/handlers/handlers.go:46.33,48.2 1 1
github.com/RakibSiddiquee/bookings/internal/handlers/handlers.go:51.67,53.2 1 1
github.com/RakibSiddiquee/bookings/internal/handlers/handlers.go:56.68,58.2 1 1
github.com/RakibSiddiquee/bookings/internal/handlers/handlers.go:61.74,63.9 2 1
github.com/RakibSiddiquee/bookings/internal/handlers/handlers.go:69.2,70.16 2 1
github.com/RakibSiddiquee/bookings/internal/handlers/handlers.go:76.2,94.4 10 1
github.com/RakibSiddiquee/bookings/internal/handlers/handlers.go:63.9,67.3 3 1
github.com/RakibSiddiquee/bookings/internal/handlers/handlers.go:70.16,74.3 3 1
github.com/RakibSiddiquee/bookings/internal/handlers/handlers.go:98.78,100.16 2 1
github.com/RakibSiddiquee/bookings/internal/handlers/handlers.go:106.2,114.16 5 1
github.com/RakibSiddiquee/bookings/internal/handlers/handlers.go:120.2,121.16 2 1
github.com/RakibSiddiquee/bookings/internal/handlers/handlers.go:127.2,128.16 2 1
github.com/RakibSiddiquee/bookings/internal/handlers/handlers.go:134.2,151.19 6 1
github.com/RakibSiddiquee/bookings/internal/handlers/handlers.go:163.2,164.16 2 1
github.com/RakibSiddiquee/bookings/internal/handlers/handlers.go:170.2,179.16 3 1
github.com/RakibSiddiquee/bookings/internal/handlers/handlers.go:185.2,187.65 2 1
github.com/RakibSiddiquee/bookings/internal/handlers/handlers.go:100.16,104.3 3 1
github.com/RakibSiddiquee/bookings/internal/handlers/handlers.go:114.16,118.3 3 1
github.com/RakibSiddiquee/bookings/internal/handlers/handlers.go:121.16,125.3 3 1
github.com/RakibSiddiquee/bookings/internal/handlers/handlers.go:128.16,132.3 3 1
github.com/RakibSiddiquee/bookings/internal/handlers/handlers.go:151.19,161.3 5 1
github.com/RakibSiddiquee/bookings/internal/handlers/handlers.go:164.16,168.3 3 1
github.com/RakibSiddiquee/bookings/internal/handlers/handlers.go:179.16,183.3 3 1
github.com/RakibSiddiquee/bookings/internal/handlers/handlers.go:191.71,193.2 1 1
github.com/RakibSiddiquee/bookings/internal/handlers/handlers.go:196.69,198.2 1 1
github.com/RakibSiddiquee/bookings/internal/handlers/handlers.go:201.75,203.2 1 1
github.com/RakibSiddiquee/bookings/internal/handlers/handlers.go:206.79,212.16 5 0
github.com/RakibSiddiquee/bookings/internal/handlers/handlers.go:216.2,217.16 2 0
github.com/RakibSiddiquee/bookings/internal/handlers/handlers.go:221.2,222.16 2 0
github.com/RakibSiddiquee/bookings/internal/handlers/handlers.go:227.2,227.26 1 0
github.com/RakibSiddiquee/bookings/internal/handlers/handlers.go:231.2,231.21 1 0
github.com/RakibSiddiquee/bookings/internal/handlers/handlers.go:238.2,250.4 5 0
github.com/RakibSiddiquee/bookings/internal/handlers/handlers.go:212.16,214.3 1 0
github.com/RakibSiddiquee/bookings/internal/handlers/handlers.go:217.16,219.3 1 0
github.com/RakibSiddiquee/bookings/internal/handlers/handlers.go:222.16,225.3 2 0
github.com/RakibSiddiquee/bookings/internal/handlers/handlers.go:227.26,229.3 1 0
github.com/RakibSiddiquee/bookings/internal/handlers/handlers.go:231.21,236.3 3 0
github.com/RakibSiddiquee/bookings/internal/handlers/handlers.go:262.79,265.16 2 1
github.com/RakibSiddiquee/bookings/internal/handlers/handlers.go:278.2,288.16 8 1
github.com/RakibSiddiquee/bookings/internal/handlers/handlers.go:301.2,314.14 4 1
github.com/RakibSiddiquee/bookings/internal/handlers/handlers.go:265.16,276.3 5 0
github.com/RakibSiddiquee/bookings/internal/handlers/handlers.go:288.16,299.3 5 0
github.com/RakibSiddiquee/bookings/internal/handlers/handlers.go:318.70,320.2 1 1
github.com/RakibSiddiquee/bookings/internal/handlers/handlers.go:323.81,325.9 2 0
github.com/RakibSiddiquee/bookings/internal/handlers/handlers.go:332.2,346.4 9 0
github.com/RakibSiddiquee/bookings/internal/handlers/handlers.go:325.9,330.3 4 0
github.com/RakibSiddiquee/bookings/internal/handlers/handlers.go:350.73,352.16 2 0
github.com/RakibSiddiquee/bookings/internal/handlers/handlers.go:357.2,358.9 2 0
github.com/RakibSiddiquee/bookings/internal/handlers/handlers.go:363.2,367.63 3 0
github.com/RakibSiddiquee/bookings/internal/handlers/handlers.go:352.16,355.3 2 0
github.com/RakibSiddiquee/bookings/internal/handlers/handlers.go:358.9,361.3 2 0
github.com/RakibSiddiquee/bookings/internal/handlers/handlers.go:371.71,383.16 9 0
github.com/RakibSiddiquee/bookings/internal/handlers/handlers.go:388.2,395.63 6 0
github.com/RakibSiddiquee/bookings/internal/handlers/handlers.go:383.16,386.3 2 0
